d:\0001code\rendereditor\rendereditor\x64\debug\vc141.pdb
d:\0001code\rendereditor\rendereditor\x64\debug\recreatevertexmodel.obj
d:\0001code\rendereditor\rendereditor\x64\debug\moc_reimagelabel.obj
d:\0001code\rendereditor\rendereditor\x64\debug\moc_revec3editor.obj
d:\0001code\rendereditor\rendereditor\x64\debug\moc_recreateshadereditor.obj
d:\0001code\rendereditor\rendereditor\x64\debug\moc_revaluesettimeeditor.obj
d:\0001code\rendereditor\rendereditor\x64\debug\moc_redrawarrayseditor.obj
d:\0001code\rendereditor\rendereditor\x64\debug\moc_reopenglwidget.obj
d:\0001code\rendereditor\rendereditor\x64\debug\moc_reopenglcontrolwidget.obj
d:\0001code\rendereditor\rendereditor\x64\debug\qrc_rendereditor.obj
d:\0001code\rendereditor\rendereditor\x64\debug\moc_revaoattribeditor.obj
d:\0001code\rendereditor\rendereditor\x64\debug\moc_rendereditor.obj
d:\0001code\rendereditor\rendereditor\x64\debug\refloatdata.obj
d:\0001code\rendereditor\rendereditor\x64\debug\regldrawarraysnode.obj
d:\0001code\rendereditor\rendereditor\x64\debug\revaoattribeditor.obj
d:\0001code\rendereditor\rendereditor\x64\debug\recreateshadereditor.obj
d:\0001code\rendereditor\rendereditor\x64\debug\reprojectionmodel.obj
d:\0001code\rendereditor\rendereditor\x64\debug\revec3data.obj
d:\0001code\rendereditor\rendereditor\x64\debug\reglclearcolormodel.obj
d:\0001code\rendereditor\rendereditor\x64\debug\resetuniformmat4model.obj
d:\0001code\rendereditor\rendereditor\x64\debug\recreatevaomodel.obj
d:\0001code\rendereditor\rendereditor\x64\debug\retextdisplaydatamodel.obj
d:\0001code\rendereditor\rendereditor\x64\debug\revaoattribmodel.obj
d:\0001code\rendereditor\rendereditor\x64\debug\recreatevertexdatanode.obj
d:\0001code\rendereditor\rendereditor\x64\debug\reopenglcontrolwidget.obj
d:\0001code\rendereditor\rendereditor\x64\debug\reobject.obj
d:\0001code\rendereditor\rendereditor\x64\debug\refloatsourcedatamodel.obj
d:\0001code\rendereditor\rendereditor\x64\debug\reintsourcedatamodel.obj
d:\0001code\rendereditor\rendereditor\x64\debug\revaluesettimeeditor.obj
d:\0001code\rendereditor\rendereditor\x64\debug\reidrawobject.obj
d:\0001code\rendereditor\rendereditor\x64\debug\remesh.obj
d:\0001code\rendereditor\rendereditor\x64\debug\refloatarraysourcedatamodel.obj
d:\0001code\rendereditor\rendereditor\x64\debug\remat4data.obj
d:\0001code\rendereditor\rendereditor\x64\debug\reuseshadermodel.obj
d:\0001code\rendereditor\rendereditor\x64\debug\resetuniformintmodel.obj
d:\0001code\rendereditor\rendereditor\x64\debug\recreateshadermodel.obj
d:\0001code\rendereditor\rendereditor\x64\debug\retimermodel.obj
d:\0001code\rendereditor\rendereditor\x64\debug\rei3dobject.obj
d:\0001code\rendereditor\rendereditor\x64\debug\reshader.obj
d:\0001code\rendereditor\rendereditor\x64\debug\refiledisplaydatamodel.obj
d:\0001code\rendereditor\rendereditor\x64\debug\reimageloadermodel.obj
d:\0001code\rendereditor\rendereditor\x64\debug\reusetexturemodel.obj
d:\0001code\rendereditor\rendereditor\x64\debug\recreatevbomodel.obj
d:\0001code\rendereditor\rendereditor\x64\debug\rerotatemodel.obj
d:\0001code\rendereditor\rendereditor\x64\debug\revec3editor.obj
d:\0001code\rendereditor\rendereditor\x64\debug\refpscamera.obj
d:\0001code\rendereditor\rendereditor\x64\debug\reimagelabel.obj
d:\0001code\rendereditor\rendereditor\x64\debug\reopengldisplaymodel.obj
d:\0001code\rendereditor\rendereditor\x64\debug\stb_image.obj
d:\0001code\rendereditor\rendereditor\x64\debug\rendereditor.obj
d:\0001code\rendereditor\rendereditor\x64\debug\redrawarrayseditor.obj
d:\0001code\rendereditor\rendereditor\x64\debug\retextsourcedatamodel.obj
d:\0001code\rendereditor\rendereditor\x64\debug\revec3sourcedatamodel.obj
d:\0001code\rendereditor\rendereditor\x64\debug\recreatevbonode.obj
d:\0001code\rendereditor\rendereditor\x64\debug\reopenglcontext.obj
d:\0001code\rendereditor\rendereditor\x64\debug\revec3computemodel.obj
d:\0001code\rendereditor\rendereditor\x64\debug\recreatetexturemodel.obj
d:\0001code\rendereditor\rendereditor\x64\debug\reopenglwidget.obj
d:\0001code\rendereditor\rendereditor\x64\debug\main.obj
d:\0001code\rendereditor\rendereditor\x64\debug\regldrawarraysmode.obj
d:\0001code\rendereditor\rendereditor\x64\debug\retranslatemodel.obj
d:\0001code\rendereditor\rendereditor\x64\debug\reviewmodel.obj
d:\0001code\rendereditor\x64\debug\rendereditor.exe
d:\0001code\rendereditor\x64\debug\rendereditor.ilk
d:\0001code\rendereditor\x64\debug\rendereditor.pdb
d:\0001code\rendereditor\rendereditor\x64\debug\moc\moc_rendereditor.cpp
d:\0001code\rendereditor\rendereditor\x64\debug\moc\moc_revec3editor.cpp
d:\0001code\rendereditor\rendereditor\x64\debug\moc\moc_reopenglwidget.cpp
d:\0001code\rendereditor\rendereditor\x64\debug\moc\moc_recreateshadereditor.cpp
d:\0001code\rendereditor\rendereditor\x64\debug\moc\moc_reimagelabel.cpp
d:\0001code\rendereditor\rendereditor\x64\debug\moc\moc_reopenglcontrolwidget.cpp
d:\0001code\rendereditor\rendereditor\x64\debug\moc\moc_redrawarrayseditor.cpp
d:\0001code\rendereditor\rendereditor\x64\debug\moc\moc_revaoattribeditor.cpp
d:\0001code\rendereditor\rendereditor\x64\debug\moc\moc_revaluesettimeeditor.cpp
d:\0001code\rendereditor\rendereditor\x64\debug\rcc\qrc_rendereditor.cpp
d:\0001code\rendereditor\rendereditor\x64\debug\uic\ui_recreateshadereditor.h
d:\0001code\rendereditor\rendereditor\x64\debug\uic\ui_redrawarrayseditor.h
d:\0001code\rendereditor\rendereditor\x64\debug\uic\ui_reopenglcontrolwidget.h
d:\0001code\rendereditor\rendereditor\x64\debug\uic\ui_revaluesettimeeditor.h
d:\0001code\rendereditor\rendereditor\x64\debug\uic\ui_revaoattribeditor.h
d:\0001code\rendereditor\rendereditor\x64\debug\uic\ui_revec3editor.h
d:\0001code\rendereditor\rendereditor\x64\debug\uic\ui_rendereditor.h
d:\0001code\rendereditor\rendereditor\x64\debug\rendereditor.tlog\cl.command.1.tlog
d:\0001code\rendereditor\rendereditor\x64\debug\rendereditor.tlog\cl.read.1.tlog
d:\0001code\rendereditor\rendereditor\x64\debug\rendereditor.tlog\cl.write.1.tlog
d:\0001code\rendereditor\rendereditor\x64\debug\rendereditor.tlog\link.command.1.tlog
d:\0001code\rendereditor\rendereditor\x64\debug\rendereditor.tlog\link.read.1.tlog
d:\0001code\rendereditor\rendereditor\x64\debug\rendereditor.tlog\link.write.1.tlog
d:\0001code\rendereditor\rendereditor\x64\debug\rendereditor.tlog\moc.read.1u.tlog
d:\0001code\rendereditor\rendereditor\x64\debug\rendereditor.tlog\moc.write.1u.tlog
d:\0001code\rendereditor\rendereditor\x64\debug\rendereditor.tlog\rcc.read.1u.tlog
d:\0001code\rendereditor\rendereditor\x64\debug\rendereditor.tlog\rcc.write.1u.tlog
d:\0001code\rendereditor\rendereditor\x64\debug\rendereditor.tlog\rendereditor.write.1u.tlog
d:\0001code\rendereditor\rendereditor\x64\debug\rendereditor.tlog\uic.read.1u.tlog
d:\0001code\rendereditor\rendereditor\x64\debug\rendereditor.tlog\uic.write.1u.tlog
