d:\0001code\rendereditor\rendereditor\x64\release\regldrawarraysmode.obj
d:\0001code\rendereditor\rendereditor\x64\release\reuseshadermodel.obj
d:\0001code\rendereditor\rendereditor\x64\release\refloatarraysourcedatamodel.obj
d:\0001code\rendereditor\rendereditor\x64\release\remat4data.obj
d:\0001code\rendereditor\rendereditor\x64\release\retranslatemodel.obj
d:\0001code\rendereditor\rendereditor\x64\release\rei3dobject.obj
d:\0001code\rendereditor\rendereditor\x64\release\reshader.obj
d:\0001code\rendereditor\rendereditor\x64\release\refloatdata.obj
d:\0001code\rendereditor\rendereditor\x64\release\regldrawarraysnode.obj
d:\0001code\rendereditor\rendereditor\x64\release\revaoattribeditor.obj
d:\0001code\rendereditor\rendereditor\x64\release\recreatevertexdatanode.obj
d:\0001code\rendereditor\rendereditor\x64\release\reopenglcontext.obj
d:\0001code\rendereditor\rendereditor\x64\release\revec3data.obj
d:\0001code\rendereditor\rendereditor\x64\release\recreatevbonode.obj
d:\0001code\rendereditor\rendereditor\x64\release\reopenglcontrolwidget.obj
d:\0001code\rendereditor\rendereditor\x64\release\reobject.obj
d:\0001code\rendereditor\rendereditor\x64\release\recreatevbomodel.obj
d:\0001code\rendereditor\rendereditor\x64\release\rerotatemodel.obj
d:\0001code\rendereditor\rendereditor\x64\release\revec3sourcedatamodel.obj
d:\0001code\rendereditor\rendereditor\x64\release\recreateshadermodel.obj
d:\0001code\rendereditor\rendereditor\x64\release\retextdisplaydatamodel.obj
d:\0001code\rendereditor\rendereditor\x64\release\revaoattribmodel.obj
d:\0001code\rendereditor\rendereditor\x64\release\redrawarrayseditor.obj
d:\0001code\rendereditor\rendereditor\x64\release\resetuniformintmodel.obj
d:\0001code\rendereditor\rendereditor\x64\release\main.obj
d:\0001code\rendereditor\rendereditor\x64\release\refpscamera.obj
d:\0001code\rendereditor\rendereditor\x64\release\reimagelabel.obj
d:\0001code\rendereditor\rendereditor\x64\release\reopengldisplaymodel.obj
d:\0001code\rendereditor\rendereditor\x64\release\stb_image.obj
d:\0001code\rendereditor\rendereditor\x64\release\reglclearcolormodel.obj
d:\0001code\rendereditor\rendereditor\x64\release\resetuniformmat4model.obj
d:\0001code\rendereditor\rendereditor\x64\release\refiledisplaydatamodel.obj
d:\0001code\rendereditor\rendereditor\x64\release\reintsourcedatamodel.obj
d:\0001code\rendereditor\rendereditor\x64\release\revaluesettimeeditor.obj
d:\0001code\rendereditor\rendereditor\x64\release\reidrawobject.obj
d:\0001code\rendereditor\rendereditor\x64\release\remesh.obj
d:\0001code\rendereditor\rendereditor\x64\release\recreateshadereditor.obj
d:\0001code\rendereditor\rendereditor\x64\release\reopenglwidget.obj
d:\0001code\rendereditor\rendereditor\x64\release\rendereditor.obj
d:\0001code\rendereditor\rendereditor\x64\release\refloatsourcedatamodel.obj
d:\0001code\rendereditor\rendereditor\x64\release\reimageloadermodel.obj
d:\0001code\rendereditor\rendereditor\x64\release\reusetexturemodel.obj
d:\0001code\rendereditor\rendereditor\x64\release\recreatevaomodel.obj
d:\0001code\rendereditor\rendereditor\x64\release\retextsourcedatamodel.obj
d:\0001code\rendereditor\rendereditor\x64\release\revec3computemodel.obj
d:\0001code\rendereditor\rendereditor\x64\release\recreatevertexmodel.obj
d:\0001code\rendereditor\rendereditor\x64\release\reprojectionmodel.obj
d:\0001code\rendereditor\rendereditor\x64\release\revec3editor.obj
d:\0001code\rendereditor\rendereditor\x64\release\recreatetexturemodel.obj
d:\0001code\rendereditor\rendereditor\x64\release\retimermodel.obj
d:\0001code\rendereditor\rendereditor\x64\release\reviewmodel.obj
d:\0001code\rendereditor\rendereditor\x64\release\moc_reopenglcontrolwidget.obj
d:\0001code\rendereditor\rendereditor\x64\release\qrc_rendereditor.obj
d:\0001code\rendereditor\rendereditor\x64\release\moc_revec3editor.obj
d:\0001code\rendereditor\rendereditor\x64\release\moc_reimagelabel.obj
d:\0001code\rendereditor\rendereditor\x64\release\moc_rendereditor.obj
d:\0001code\rendereditor\rendereditor\x64\release\moc_revaoattribeditor.obj
d:\0001code\rendereditor\rendereditor\x64\release\moc_reopenglwidget.obj
d:\0001code\rendereditor\rendereditor\x64\release\moc_recreateshadereditor.obj
d:\0001code\rendereditor\rendereditor\x64\release\moc_redrawarrayseditor.obj
d:\0001code\rendereditor\rendereditor\x64\release\moc_revaluesettimeeditor.obj
d:\0001code\rendereditor\x64\release\rendereditor.exe
d:\0001code\rendereditor\rendereditor\x64\release\moc\moc_rendereditor.cpp
d:\0001code\rendereditor\rendereditor\x64\release\moc\moc_revec3editor.cpp
d:\0001code\rendereditor\rendereditor\x64\release\moc\moc_reopenglwidget.cpp
d:\0001code\rendereditor\rendereditor\x64\release\moc\moc_recreateshadereditor.cpp
d:\0001code\rendereditor\rendereditor\x64\release\moc\moc_reimagelabel.cpp
d:\0001code\rendereditor\rendereditor\x64\release\moc\moc_reopenglcontrolwidget.cpp
d:\0001code\rendereditor\rendereditor\x64\release\moc\moc_redrawarrayseditor.cpp
d:\0001code\rendereditor\rendereditor\x64\release\moc\moc_revaoattribeditor.cpp
d:\0001code\rendereditor\rendereditor\x64\release\moc\moc_revaluesettimeeditor.cpp
d:\0001code\rendereditor\rendereditor\x64\release\rcc\qrc_rendereditor.cpp
d:\0001code\rendereditor\rendereditor\x64\release\uic\ui_recreateshadereditor.h
d:\0001code\rendereditor\rendereditor\x64\release\uic\ui_redrawarrayseditor.h
d:\0001code\rendereditor\rendereditor\x64\release\uic\ui_reopenglcontrolwidget.h
d:\0001code\rendereditor\rendereditor\x64\release\uic\ui_revaluesettimeeditor.h
d:\0001code\rendereditor\rendereditor\x64\release\uic\ui_revaoattribeditor.h
d:\0001code\rendereditor\rendereditor\x64\release\uic\ui_revec3editor.h
d:\0001code\rendereditor\rendereditor\x64\release\uic\ui_rendereditor.h
d:\0001code\rendereditor\rendereditor\x64\release\rendereditor.tlog\cl.10032.write.1.tlog
d:\0001code\rendereditor\rendereditor\x64\release\rendereditor.tlog\cl.command.1.tlog
d:\0001code\rendereditor\rendereditor\x64\release\rendereditor.tlog\cl.read.1.tlog
d:\0001code\rendereditor\rendereditor\x64\release\rendereditor.tlog\link.command.1.tlog
d:\0001code\rendereditor\rendereditor\x64\release\rendereditor.tlog\link.read.1.tlog
d:\0001code\rendereditor\rendereditor\x64\release\rendereditor.tlog\link.write.1.tlog
d:\0001code\rendereditor\rendereditor\x64\release\rendereditor.tlog\moc.read.1u.tlog
d:\0001code\rendereditor\rendereditor\x64\release\rendereditor.tlog\moc.write.1u.tlog
d:\0001code\rendereditor\rendereditor\x64\release\rendereditor.tlog\rcc.read.1u.tlog
d:\0001code\rendereditor\rendereditor\x64\release\rendereditor.tlog\rcc.write.1u.tlog
d:\0001code\rendereditor\rendereditor\x64\release\rendereditor.tlog\rendereditor.write.1u.tlog
d:\0001code\rendereditor\rendereditor\x64\release\rendereditor.tlog\uic.read.1u.tlog
d:\0001code\rendereditor\rendereditor\x64\release\rendereditor.tlog\uic.write.1u.tlog
